#
# There is insufficient memory for the Java Runtime Environment to continue.
# Native memory allocation (mmap) failed to map 130023424 bytes for Failed to commit area from 0x0000000085800000 to 0x000000008d400000 of length 130023424.
# Possible reasons:
#   The system is out of physical RAM or swap space
#   The process is running with CompressedOops enabled, and the Java Heap may be blocking the growth of the native heap
# Possible solutions:
#   Reduce memory load on the system
#   Increase physical memory or swap space
#   Check if swap backing store is full
#   Decrease Java heap size (-Xmx/-Xms)
#   Decrease number of Java threads
#   Decrease Java thread stack sizes (-Xss)
#   Set larger code cache with -XX:ReservedCodeCacheSize=
# This output file may be truncated or incomplete.
#
#  Out of Memory Error (./src/hotspot/os/windows/os_windows.cpp:3387), pid=10008, tid=14296
#
# JRE version:  (11.0.14.1+1) (build )
# Java VM: OpenJDK 64-Bit Server VM (11.0.14.1+1, mixed mode, sharing, tiered, compressed oops, g1 gc, windows-amd64)
# No core dump will be written. Minidumps are not enabled by default on client versions of Windows
#

---------------  S U M M A R Y ------------

Command Line: -Dfile.encoding=UTF-8 org.gradle.launcher.GradleMain -Dorg.gradle.jvmargs=-Xmx4096m --stop

Host: 11th Gen Intel(R) Core(TM) i3-1115G4 @ 3.00GHz, 4 cores, 7G,  Windows 11 , 64 bit Build 22000 (10.0.22000.1335)
Time: Sun Jan  7 15:08:32 2024 India Standard Time elapsed time: 0.057816 seconds (0d 0h 0m 0s)

---------------  T H R E A D  ---------------

Current thread (0x00000204ee193000):  JavaThread "Unknown thread" [_thread_in_vm, id=14296, stack(0x0000002a7b900000,0x0000002a7ba00000)]

Stack: [0x0000002a7b900000,0x0000002a7ba00000]
Native frames: (J=compiled Java code, j=interpreted, Vv=VM code, C=native code)
V  [jvm.dll+0x61e59a]
V  [jvm.dll+0x7aaca9]
V  [jvm.dll+0x7ac398]
V  [jvm.dll+0x7aca73]
V  [jvm.dll+0x24f9b8]
V  [jvm.dll+0x61b83a]
V  [jvm.dll+0x6100c5]
V  [jvm.dll+0x30772c]
V  [jvm.dll+0x3075b2]
V  [jvm.dll+0x30c2d6]
V  [jvm.dll+0x35272f]
V  [jvm.dll+0x352160]
V  [jvm.dll+0x2e4728]
V  [jvm.dll+0x2e5886]
V  [jvm.dll+0x784b07]
V  [jvm.dll+0x78628f]
V  [jvm.dll+0x35f479]
V  [jvm.dll+0x767aa0]
V  [jvm.dll+0x3ccf1f]
V  [jvm.dll+0x3cf2b1]
C  [jli.dll+0x5207]
C  [ucrtbase.dll+0x26c0c]
C  [KERNEL32.DLL+0x155a0]
C  [ntdll.dll+0x485b]


---------------  P R O C E S S  ---------------

Threads class SMR info:
_java_thread_list=0x00000204ebf80620, length=0, elements={
}

Java Threads: ( => current thread )

Other Threads:
  0x00000204ee1ac000 GCTaskThread "GC Thread#0" [stack: 0x0000002a7ba00000,0x0000002a7bb00000] [id=18916]
  0x00000204ee1dd000 ConcurrentGCThread "G1 Main Marker" [stack: 0x0000002a7bb00000,0x0000002a7bc00000] [id=10216]
  0x00000204ee1df000 ConcurrentGCThread "G1 Conc#0" [stack: 0x0000002a7bc00000,0x0000002a7bd00000] [id=20784]

[error occurred during error reporting (printing all threads), id 0xc0000005, EXCEPTION_ACCESS_VIOLATION (0xc0000005) at pc=0x00007ffafe743ef7]

VM state:not at safepoint (not fully initialized)

VM Mutex/Monitor currently owned by a thread:  ([mutex/lock_event])
[0x00000204ee18ee50] Heap_lock - owner thread: 0x00000204ee193000

Heap address: 0x0000000085800000, size: 1960 MB, Compressed Oops mode: Non-zero based: 0x0000000085800000
Narrow klass base: 0x0000000000000000, Narrow klass shift: 0

GC Heap History (0 events):
No events

Deoptimization events (0 events):
No events

Classes redefined (0 events):
No events

Internal exceptions (0 events):
No events

Events (1 events):
Event: 0.042 Loaded shared library C:\Program Files\Unity\Hub\Editor\2022.3.7f1\Editor\Data\PlaybackEngines\AndroidPlayer\OpenJDK\bin\zip.dll


Dynamic libraries:
0x00007ff67cd00000 - 0x00007ff67cd0d000 	C:\Program Files\Unity\Hub\Editor\2022.3.7f1\Editor\Data\PlaybackEngines\AndroidPlayer\OpenJDK\bin\java.exe
0x00007ffb9fc40000 - 0x00007ffb9fe49000 	C:\windows\SYSTEM32\ntdll.dll
0x00007ffb6bd80000 - 0x00007ffb6bd99000 	C:\Program Files\Avast Software\Avast\aswhook.dll
0x00007ffb9e200000 - 0x00007ffb9e2be000 	C:\windows\System32\KERNEL32.DLL
0x00007ffb9d440000 - 0x00007ffb9d7bb000 	C:\windows\System32\KERNELBASE.dll
0x00007ffb9d7c0000 - 0x00007ffb9d8d1000 	C:\windows\System32\ucrtbase.dll
0x00007ffb75e40000 - 0x00007ffb75e55000 	C:\Program Files\Unity\Hub\Editor\2022.3.7f1\Editor\Data\PlaybackEngines\AndroidPlayer\OpenJDK\bin\VCRUNTIME140.dll
0x00007ffb94300000 - 0x00007ffb94317000 	C:\Program Files\Unity\Hub\Editor\2022.3.7f1\Editor\Data\PlaybackEngines\AndroidPlayer\OpenJDK\bin\jli.dll
0x00007ffb9f1e0000 - 0x00007ffb9f38d000 	C:\windows\System32\USER32.dll
0x00007ffb9d3a0000 - 0x00007ffb9d3c6000 	C:\windows\System32\win32u.dll
0x00007ffb9db70000 - 0x00007ffb9db99000 	C:\windows\System32\GDI32.dll
0x00007ffb9d280000 - 0x00007ffb9d398000 	C:\windows\System32\gdi32full.dll
0x00007ffb81e10000 - 0x00007ffb820b5000 	C:\windows\WinSxS\amd64_microsoft.windows.common-controls_6595b64144ccf1df_6.0.22000.120_none_9d947278b86cc467\COMCTL32.dll
0x00007ffb9d960000 - 0x00007ffb9d9fd000 	C:\windows\System32\msvcp_win.dll
0x00007ffb9e500000 - 0x00007ffb9e5a3000 	C:\windows\System32\msvcrt.dll
0x00007ffb9fbc0000 - 0x00007ffb9fbf2000 	C:\windows\System32\IMM32.DLL
0x00007ffb27a50000 - 0x00007ffb27aeb000 	C:\Program Files\Unity\Hub\Editor\2022.3.7f1\Editor\Data\PlaybackEngines\AndroidPlayer\OpenJDK\bin\msvcp140.dll
0x00007ffafe450000 - 0x00007ffafefd1000 	C:\Program Files\Unity\Hub\Editor\2022.3.7f1\Editor\Data\PlaybackEngines\AndroidPlayer\OpenJDK\bin\server\jvm.dll
0x00007ffb9e360000 - 0x00007ffb9e40e000 	C:\windows\System32\ADVAPI32.dll
0x00007ffb9e2c0000 - 0x00007ffb9e35e000 	C:\windows\System32\sechost.dll
0x00007ffb9e0e0000 - 0x00007ffb9e200000 	C:\windows\System32\RPCRT4.dll
0x00007ffb9dae0000 - 0x00007ffb9dae8000 	C:\windows\System32\PSAPI.DLL
0x00007ffb8eab0000 - 0x00007ffb8eaba000 	C:\windows\SYSTEM32\VERSION.dll
0x00007ffb7e340000 - 0x00007ffb7e349000 	C:\windows\SYSTEM32\WSOCK32.dll
0x00007ffb95980000 - 0x00007ffb959b3000 	C:\windows\SYSTEM32\WINMM.dll
0x00007ffb9f390000 - 0x00007ffb9f3ff000 	C:\windows\System32\WS2_32.dll
0x00007ffb9c190000 - 0x00007ffb9c1a8000 	C:\windows\SYSTEM32\kernel.appcore.dll
0x00007ffb783d0000 - 0x00007ffb783e0000 	C:\Program Files\Unity\Hub\Editor\2022.3.7f1\Editor\Data\PlaybackEngines\AndroidPlayer\OpenJDK\bin\verify.dll
0x00007ffb9ab00000 - 0x00007ffb9ad21000 	C:\windows\SYSTEM32\DBGHELP.DLL
0x00007ffb85580000 - 0x00007ffb855b1000 	C:\windows\SYSTEM32\dbgcore.DLL
0x00007ffb9d8e0000 - 0x00007ffb9d95f000 	C:\windows\System32\bcryptPrimitives.dll
0x00007ffb75e10000 - 0x00007ffb75e38000 	C:\Program Files\Unity\Hub\Editor\2022.3.7f1\Editor\Data\PlaybackEngines\AndroidPlayer\OpenJDK\bin\java.dll
0x00007ffb76640000 - 0x00007ffb7664a000 	C:\Program Files\Unity\Hub\Editor\2022.3.7f1\Editor\Data\PlaybackEngines\AndroidPlayer\OpenJDK\bin\jimage.dll
0x00007ffb75cd0000 - 0x00007ffb75ce8000 	C:\Program Files\Unity\Hub\Editor\2022.3.7f1\Editor\Data\PlaybackEngines\AndroidPlayer\OpenJDK\bin\zip.dll

dbghelp: loaded successfully - version: 4.0.5 - missing functions: none
symbol engine: initialized successfully - sym options: 0x614 - pdb path: .;C:\Program Files\Unity\Hub\Editor\2022.3.7f1\Editor\Data\PlaybackEngines\AndroidPlayer\OpenJDK\bin;C:\windows\SYSTEM32;C:\Program Files\Avast Software\Avast;C:\windows\WinSxS\amd64_microsoft.windows.common-controls_6595b64144ccf1df_6.0.22000.120_none_9d947278b86cc467;C:\Program Files\Unity\Hub\Editor\2022.3.7f1\Editor\Data\PlaybackEngines\AndroidPlayer\OpenJDK\bin\server

VM Arguments:
jvm_args: -Dfile.encoding=UTF-8 
java_command: org.gradle.launcher.GradleMain -Dorg.gradle.jvmargs=-Xmx4096m --stop
java_class_path (initial): C:\Program Files\Unity\Hub\Editor\2022.3.7f1\Editor\Data\PlaybackEngines\AndroidPlayer\Tools\gradle\lib\gradle-launcher-7.2.jar
Launcher Type: SUN_STANDARD

[Global flags]
     intx CICompilerCount                          = 3                                         {product} {ergonomic}
     uint ConcGCThreads                            = 1                                         {product} {ergonomic}
     uint G1ConcRefinementThreads                  = 4                                         {product} {ergonomic}
   size_t G1HeapRegionSize                         = 1048576                                   {product} {ergonomic}
    uintx GCDrainStackTargetSize                   = 64                                        {product} {ergonomic}
   size_t InitialHeapSize                          = 130023424                                 {product} {ergonomic}
   size_t MarkStackSize                            = 4194304                                   {product} {ergonomic}
   size_t MaxHeapSize                              = 2055208960                                {product} {ergonomic}
   size_t MinHeapDeltaBytes                        = 1048576                                   {product} {ergonomic}
    uintx NonNMethodCodeHeapSize                   = 5830732                                {pd product} {ergonomic}
    uintx NonProfiledCodeHeapSize                  = 122913754                              {pd product} {ergonomic}
    uintx ProfiledCodeHeapSize                     = 122913754                              {pd product} {ergonomic}
    uintx ReservedCodeCacheSize                    = 251658240                              {pd product} {ergonomic}
     bool SegmentedCodeCache                       = true                                      {product} {ergonomic}
     bool UseCompressedClassPointers               = true                                 {lp64_product} {ergonomic}
     bool UseCompressedOops                        = true                                 {lp64_product} {ergonomic}
     bool UseG1GC                                  = true                                      {product} {ergonomic}
     bool UseLargePagesIndividualAllocation        = false                                  {pd product} {ergonomic}

Logging:
Log output configuration:
 #0: stdout all=warning uptime,level,tags
 #1: stderr all=off uptime,level,tags

Environment Variables:
JAVA_HOME=C:\Program Files\Unity\Hub\Editor\2022.3.7f1\Editor\Data\PlaybackEngines\AndroidPlayer\OpenJDK
JAVA_TOOL_OPTIONS=-Dfile.encoding=UTF-8
PATH=C:\Program Files\Common Files\Oracle\Java\javapath;C:\windows\system32;C:\windows;C:\windows\System32\Wbem;C:\windows\System32\WindowsPowerShell\v1.0\;C:\windows\System32\OpenSSH\;C:\MinGW\bin;C:\Program Files\dotnet\;C:\Program Files\Java\jdk-11\bin;C:\Program Files\Git\cmd;C:\Users\vasur\AppData\Local\Microsoft\WindowsApps;C:\Users\vasur\.dotnet\tools;C:\Flutter\flutter-3.7.7\bin;C:\Users\vasur\AppData\Local\GitHubDesktop\bin;C:\Program Files\Java\jdk-11\bin;
USERNAME=vasur
OS=Windows_NT
PROCESSOR_IDENTIFIER=Intel64 Family 6 Model 140 Stepping 2, GenuineIntel



---------------  S Y S T E M  ---------------

OS: Windows 11 , 64 bit Build 22000 (10.0.22000.1335)
OS uptime: 0 days 6:00 hours
Hyper-V role detected

CPU:total 4 (initial active 4) (2 cores per cpu, 2 threads per core) family 6 model 140 stepping 2 microcode 0x22, cmov, cx8, fxsr, mmx, sse, sse2, sse3, ssse3, sse4.1, sse4.2, popcnt, avx, avx2, aes, clmul, erms, 3dnowpref, lzcnt, ht, tsc, tscinvbit, bmi1, bmi2, adx, evex, sha, fma

Memory: 4k page, system-wide physical 7835M (76M free)
TotalPageFile size 27259M (AvailPageFile size 59M)
current process WorkingSet (physical memory assigned to process): 10M, peak: 10M
current process commit charge ("private bytes"): 51M, peak: 175M

vm_info: OpenJDK 64-Bit Server VM (11.0.14.1+1) for windows-amd64 JRE (11.0.14.1+1), built on Feb  9 2022 01:48:27 by "" with unknown MS VC++:1916

END.
